NPROG  e      NGLOB  NINIT  max    NILIT  21     NILIST NRTYPE point  
NFLIST NSDECL x      NSDECL y      NATYPE Shape  NSIMV  len    NARRD  
myShape       NFUNCS        NFUND  getNumPoints  NSDECL numPoints     
NSTATS NPRLN  NSTRG  How many Points does your shape have ?    NSTATS 
NINPUT NSIMV  numPoints     NRETN  NSIMV  numPoints     NFUNCS        
NFUND  newPoint      NPLIST NSIMP  NSDECL index  NARRP  NARRD  myShape       
NDLIST NSDECL x      NSDECL y      NSTATS NPRLN  NPRLST NSTRG  Point  
NSIMV  index  NSTATS NPRLN  NSTRG  x value :     NSTATS NINPUT NSIMV  
x      NSTATS NPRLN  NSTRG  y value :     NSTATS NINPUT NSIMV  y      
NSTATS NASGN  NARRV  myShape       NSIMV  i      NSIMV  x      NSTATS 
NASGN  NARRV  myShape       NSIMV  i      NSIMV  y      NRETN  NMAIN  
NSDLST NSDECL numPoints     NSDLST NSDECL area   NSDLST NSDECL i      
NSDECL j      NSTATS NFOR   NASGN  NSIMV  i      NILIT  0      NLEQ   
NSIMV  i      NSIMV  numPoints     NSTATS NCALL  newPoint      NEXPL  
NSIMV  i      NSIMV  myShape       NPLEQ  NSIMV  i      NILIT  1      
NSTATS NASGN  NARRV  myShape       NSIMV  numPoints     NARRV  myShape       
NILIT  0      NSTATS NASGN  NARRV  myShape       NSIMV  numPoints     
NARRV  myShape       NILIT  0      NSTATS NASGN  NSIMV  area   NILIT  
0      NSTATS NFOR   NASGN  NSIMV  j      NILIT  0      NLEQ   NSIMV  
j      NADD   NSIMV  numPoints     NILIT  1      NSTATS NPLEQ  NSIMV  
area   NILIT  10     NPLEQ  NSIMV  j      NILIT  1      NSTATS NASGN  
NSIMV  area   NDIV   NSIMV  area   NILIT  2      NPRLN  NPRLST NSTRG  
 The Area is found to be    NSIMV  area   
